🚀 Detail API Enrichment - 全平台数据充实
   CF Proxy: https://ranking-arena-proxy.broosbook.workers.dev
   Limit: 1000 per platform
   Fresh only: false
   Platform filter: binance


🟡 Binance Futures - Detail API enrichment
  Found 550 traders to enrich
  ✅ 10/550
  ✅ 20/550
  ✅ 30/550
  ✅ 40/550
  ✅ 50/550
  ✅ 60/550
  ✅ 70/550
  ✅ 80/550
  ✅ 90/550
  ✅ 100/550
  ✅ 110/550
  ✅ 120/550
  ✅ 130/550
  ✅ 140/550
  ✅ 150/550
  ✅ 160/550
  ✅ 170/550
  ✅ 180/550
  ✅ 190/550
  ✅ 200/550
  ✅ 210/550
  ✅ 220/550
  ✅ 230/550
  ✅ 240/550
  ✅ 250/550
  ✅ 260/550
  ✅ 270/550
  ✅ 280/550
  ✅ 290/550
  ✅ 300/550
  ✅ 310/550
  ✅ 320/550
  ✅ 330/550
  ✅ 340/550
  ✅ 350/550
  ✅ 360/550
  ✅ 370/550
  ✅ 380/550
  ✅ 390/550
  ✅ 400/550
  ✅ 410/550
  ✅ 420/550
  ✅ 430/550
  ✅ 440/550
  ✅ 450/550
  ✅ 460/550
  ✅ 470/550
  ✅ 480/550
  ✅ 490/550
  ✅ 500/550
  ✅ 510/550
  ✅ 520/550
  ✅ 530/550
  ✅ 540/550
  ✅ 550/550
  ✅ Enriched 550/550

✅ 全部完成! 耗时 510.9s
