🚀 Detail API Enrichment - 全平台数据充实
   CF Proxy: https://ranking-arena-proxy.broosbook.workers.dev
   Limit: 1000 per platform
   Fresh only: false
   Platform filter: gmx


🔷 GMX - Subgraph enrichment
  Found 500 traders to enrich
  ✅ 20/500
  ✅ 40/500
  ✅ 60/500
  ✅ 80/500
  ✅ 100/500
  ✅ 120/500
  ✅ 140/500
  ✅ 160/500
  ✅ 180/500
  ✅ 200/500
  ✅ 220/500
  ✅ 240/500
  ✅ 260/500
  ✅ 280/500
  ✅ 300/500
  ✅ 320/500
  ✅ 340/500
  ✅ 360/500
  ✅ 380/500
  ✅ 400/500
  ✅ 420/500
  ✅ 440/500
  ✅ 460/500
  ✅ 480/500
  ✅ 500/500
  ✅ Enriched 500/500

✅ 全部完成! 耗时 258.0s
