🚀 Detail API Enrichment - 全平台数据充实
   CF Proxy: https://ranking-arena-proxy.broosbook.workers.dev
   Limit: 1000 per platform
   Fresh only: false
   Platform filter: hyperliquid


🔮 Hyperliquid - Detail API enrichment
  Found 1000 traders to enrich
  ✅ 20/1000
  ✅ 40/1000
  ✅ 60/1000
  ✅ 80/1000
  ✅ 100/1000
  ✅ 120/1000
  ✅ 140/1000
  ✅ 160/1000
  ✅ 180/1000
  ✅ 200/1000
  ✅ 220/1000
  ✅ 240/1000
  ✅ 260/1000
  ✅ 280/1000
  ✅ 300/1000
  ✅ 320/1000
  ✅ 340/1000
  ✅ 360/1000
  ✅ 380/1000
  ✅ 400/1000
  ✅ 420/1000
  ✅ 440/1000
  ✅ 460/1000
  ✅ 480/1000
  ✅ 500/1000
  ✅ 520/1000
  ✅ 540/1000
  ✅ 560/1000
  ✅ 580/1000
  ✅ 600/1000
  ✅ 620/1000
  ✅ 640/1000
  ✅ 660/1000
  ✅ 680/1000
  ✅ 700/1000
  ✅ 720/1000
  ✅ 740/1000
  ✅ 760/1000
  ✅ 780/1000
  ✅ 800/1000
  ✅ 820/1000
  ✅ 840/1000
  ✅ 860/1000
  ✅ 880/1000
  ✅ 900/1000
  ✅ 920/1000
  ✅ 940/1000
  ✅ 960/1000
  ✅ 980/1000
  ✅ 1000/1000
  ✅ Enriched 1000/1000

✅ 全部完成! 耗时 1139.9s
