🚀 Detail API Enrichment - 全平台数据充实
   CF Proxy: https://ranking-arena-proxy.broosbook.workers.dev
   Limit: 1000 per platform
   Fresh only: false
   Platform filter: okx


🟢 OKX Futures - Detail API enrichment
  Found 361 traders to enrich
  ✅ 10/361
  ✅ 20/361
  ✅ 30/361
  ✅ 40/361
  ✅ 50/361
  ✅ 60/361
  ✅ 70/361
  ✅ 80/361
  ✅ 90/361
  ✅ 100/361
  ✅ 110/361
  ✅ 120/361
  ✅ 130/361
  ✅ 140/361
  ✅ 150/361
  ✅ 160/361
  ✅ 170/361
  ✅ 180/361
  ✅ 190/361
  ✅ 200/361
  ✅ 210/361
  ✅ 220/361
  ✅ 230/361
  ✅ 240/361
  ✅ 250/361
  ✅ 260/361
  ✅ 270/361
  ✅ 280/361
  ✅ 290/361
  ✅ 300/361
  ✅ 310/361
  ✅ 320/361
  ✅ 330/361
  ✅ 340/361
  ✅ 350/361
  ✅ 360/361
  ✅ Enriched 361/361

✅ 全部完成! 耗时 538.0s
